C51 COMPILER V9.54   FUNCTION                                                              06/01/2018 03:00:08 PAGE 1   


C51 COMPILER V9.54, COMPILATION OF MODULE FUNCTION
OBJECT MODULE PLACED IN .\Objects\Function.obj
COMPILER INVOKED BY: D:\Keil_v5\C51\BIN\C51.EXE Function.c OPTIMIZE(8,SPEED) BROWSE DEBUG OBJECTEXTEND PRINT(.\Listings\
                    -Function.lst) TABS(2) OBJECT(.\Objects\Function.obj)

line level    source

   1          #include <REG51.h>
   2          #include <stdio.h>
   3          #include <intrins.h>
   4          
   5          sbit PLY=P3^4;
   6          sbit Rec=P3^5;
   7          
   8          extern unsigned char std_L,std_H,endd_L,endd_H; 
   9          
  10          extern void ISD_SET_PLAY(unsigned char Saddl,Saddh,Eaddl,Eaddh);
  11          extern void ISD_SET_Rec(unsigned char Saddl,Saddh,Eaddl,Eaddh);
  12          extern void ISD_SET_Erase(unsigned char Saddl,Saddh,Eaddl,Eaddh);
  13          extern void delay10(void);
  14          extern int k;
  15          
  16          void SPI_shaoxie(void)
  17          {
  18   1        PLY=1;
  19   1        PLY=0;
  20   1        for(k=4;k>0;k--)
  21   1        {;}   
  22   1        PLY=1;                
  23   1        TL0=0xFF;
  24   1        delay10();
  25   1        ISD_SET_PLAY(0,0,3,0);     //听到提示音后播放完毕 SE1
  26   1        delay10();
  27   1      
  28   1        ISD_SET_Erase(std_L,std_H,endd_L,endd_H);    
  29   1        delay10();
  30   1          
  31   1        ISD_SET_PLAY(3,0,7,0);      //听到提示音后擦除完毕 SE2
  32   1        delay10();
  33   1        
  34   1        Rec=1;
  35   1        Rec=0;
  36   1        for(k=4;k>0;k--)
  37   1        {;} 
  38   1        TL1=0xFF; 
  39   1        Rec=1;
  40   1        delay10();    
  41   1        ISD_SET_PLAY(7,0,11,0);     //听到提示音录音结束 SE3
  42   1        delay10();
  43   1        
  44   1        PLY=1;
  45   1        PLY=0;                      //跳至播放中断
  46   1        for(k=4;k>0;k--)
  47   1        {;} 
  48   1        TL0=0xFF;     //听到提示音后第二次播放完毕 SE4
  49   1        PLY=1;                 
  50   1        delay10();
  51   1        ISD_SET_PLAY(12,0,15,0); 
  52   1        delay10();
  53   1      }
  54          
C51 COMPILER V9.54   FUNCTION                                                              06/01/2018 03:00:08 PAGE 2   

  55          void AllPlay(void)
  56          {
  57   1        TL0=0xFE;
  58   1        PLY=0; 
  59   1        for(k=4;k>0;k--)
  60   1          {;}
  61   1        ISD_SET_PLAY(0x10,0,0xEF,0x01);
  62   1        delay10();        
  63   1        PLY=1;
  64   1        ISD_SET_PLAY(12,0,15,0);
  65   1        delay10();
  66   1      }
  67            
  68          
  69          


MODULE INFORMATION:   STATIC OVERLAYABLE
   CODE SIZE        =    257    ----
   CONSTANT SIZE    =   ----    ----
   XDATA SIZE       =   ----    ----
   PDATA SIZE       =   ----    ----
   DATA SIZE        =   ----    ----
   IDATA SIZE       =   ----    ----
   BIT SIZE         =   ----    ----
END OF MODULE INFORMATION.


C51 COMPILATION COMPLETE.  0 WARNING(S),  0 ERROR(S)
